<?xml version="1.0" encoding="UTF-8"?>
<testng-results skipped="0" failed="0" ignored="0" total="1" passed="1">
  <reporter-output>
  </reporter-output>
  <suite name="Default suite" duration-ms="24344" started-at="2018-02-27T18:55:18Z" finished-at="2018-02-27T18:55:43Z">
    <groups>
    </groups>
    <test name="Default test" duration-ms="24344" started-at="2018-02-27T18:55:18Z" finished-at="2018-02-27T18:55:43Z">
      <class name="com.Mercury.tests.RunningClass">
        <test-method status="PASS" signature="mainMethod()[pri:0, instance:com.Mercury.tests.RunningClass@26be92ad]" name="mainMethod" duration-ms="24303" started-at="2018-02-27T18:55:18Z" finished-at="2018-02-27T18:55:43Z">
          <reporter-output>
          </reporter-output>
        </test-method> <!-- mainMethod -->
      </class> <!-- com.Mercury.tests.RunningClass -->
    </test> <!-- Default test -->
  </suite> <!-- Default suite -->
</testng-results>
